Microsoft HTML Help Compiler 4.74.8702

Compiling c:\Prog\Delphi\LuaEditor\HelpCore\LuaEdit.chm

Welcome.html
Editor Settings.html
Getting Started.html
Minimum Requirements.html
Project Settings.html
LuaEdit Settings.html
Legal.html
Table of Contents.hhc
Index.hhk
Medias\EditorSettingsGeneral.jpg
Medias\EditorSettingsDisplay.jpg
Medias\EditorSettingsColors.jpg
Medias\MainWindow.jpg
Medias\FileMenuExpanded.jpg
Medias\EditMenuExpanded.jpg
Medias\ProjectMenuExpanded.jpg
Medias\RunMenuExpanded.jpg
Medias\ToolsMenuExpanded.jpg
Medias\PrjSettingsGeneral.jpg
Medias\PrjSettingsDebug.jpg

Compile time: 0 minutes, 2 seconds
9	Topics
210	Local links
0	Internet links
11	Graphics


Created c:\Prog\Delphi\LuaEditor\HelpCore\LuaEdit.chm, 281,429 bytes
Compression decreased file by 186,763 bytes.
